<?xml version="1.0" encoding="UTF-8"?>
<testsuites name="Mocha Tests" time="2.454" tests="5" failures="0">
  <testsuite name="Root Suite" timestamp="2023-11-02T17:16:40" tests="0" time="0.000" failures="0">
  </testsuite>
  <testsuite name="Login Page Validation Test" timestamp="2023-11-02T17:16:40" tests="5" file="F:\Cyrus\Documents\SIT\3203\JenkinsTest\frontend-sit-forum-app\test\LoginPage.test.js" time="2.453" failures="0">
    <testcase name="Login Page Validation Test should display email validation message for an invalid email." time="1.160" classname="should display email validation message for an invalid email.">
    </testcase>
    <testcase name="Login Page Validation Test should display password validation message for an invalid password." time="0.153" classname="should display password validation message for an invalid password.">
    </testcase>
    <testcase name="Login Page Validation Test should display email validation message for an invalid email with a valid password." time="0.144" classname="should display email validation message for an invalid email with a valid password.">
    </testcase>
    <testcase name="Login Page Validation Test should display password validation message for an invalid password with a valid email." time="0.137" classname="should display password validation message for an invalid password with a valid email.">
    </testcase>
    <testcase name="Login Page Validation Test should display no error message for a valid password with a valid email." time="0.138" classname="should display no error message for a valid password with a valid email.">
    </testcase>
  </testsuite>
</testsuites>